<?xml version="1.0" encoding="UTF-8"?>
<testng-results skipped="0" failed="1" ignored="0" total="4" passed="3">
  <reporter-output>
  </reporter-output>
  <suite name="Default suite" duration-ms="29867" started-at="2018-12-30T11:08:22Z" finished-at="2018-12-30T11:08:52Z">
    <groups>
    </groups>
    <test name="Default test" duration-ms="29867" started-at="2018-12-30T11:08:22Z" finished-at="2018-12-30T11:08:52Z">
      <class name="sqlDataDrive.MysqlDataProvider">
        <test-method status="PASS" signature="beforeMethod()[pri:0, instance:sqlDataDrive.MysqlDataProvider@2b98378d]" name="beforeMethod" is-config="true" duration-ms="4445" started-at="2018-12-30T19:08:22Z" finished-at="2018-12-30T19:08:26Z">
          <reporter-output>
          </reporter-output>
        </test-method> <!-- beforeMethod -->
        <test-method status="PASS" signature="testSearch(java.lang.String, java.lang.String, java.lang.String)[pri:0, instance:sqlDataDrive.MysqlDataProvider@2b98378d]" name="testSearch" duration-ms="2033" started-at="2018-12-30T19:08:26Z" data-provider="testData" finished-at="2018-12-30T19:08:29Z">
          <params>
            <param index="0">
              <value>
                <![CDATA[功夫]]>
              </value>
            </param>
            <param index="1">
              <value>
                <![CDATA[主演]]>
              </value>
            </param>
            <param index="2">
              <value>
                <![CDATA[周星驰]]>
              </value>
            </param>
          </params>
          <reporter-output>
          </reporter-output>
        </test-method> <!-- testSearch -->
        <test-method status="PASS" signature="afterMethod()[pri:0, instance:sqlDataDrive.MysqlDataProvider@2b98378d]" name="afterMethod" is-config="true" duration-ms="1271" started-at="2018-12-30T19:08:29Z" finished-at="2018-12-30T19:08:30Z">
          <reporter-output>
          </reporter-output>
        </test-method> <!-- afterMethod -->
        <test-method status="PASS" signature="beforeMethod()[pri:0, instance:sqlDataDrive.MysqlDataProvider@2b98378d]" name="beforeMethod" is-config="true" duration-ms="2820" started-at="2018-12-30T19:08:30Z" finished-at="2018-12-30T19:08:33Z">
          <reporter-output>
          </reporter-output>
        </test-method> <!-- beforeMethod -->
        <test-method status="PASS" signature="testSearch(java.lang.String, java.lang.String, java.lang.String)[pri:0, instance:sqlDataDrive.MysqlDataProvider@2b98378d]" name="testSearch" duration-ms="1787" started-at="2018-12-30T19:08:33Z" data-provider="testData" finished-at="2018-12-30T19:08:34Z">
          <params>
            <param index="0">
              <value>
                <![CDATA[超人]]>
              </value>
            </param>
            <param index="1">
              <value>
                <![CDATA[主演]]>
              </value>
            </param>
            <param index="2">
              <value>
                <![CDATA[克里斯托弗]]>
              </value>
            </param>
          </params>
          <reporter-output>
          </reporter-output>
        </test-method> <!-- testSearch -->
        <test-method status="PASS" signature="afterMethod()[pri:0, instance:sqlDataDrive.MysqlDataProvider@2b98378d]" name="afterMethod" is-config="true" duration-ms="763" started-at="2018-12-30T19:08:34Z" finished-at="2018-12-30T19:08:35Z">
          <reporter-output>
          </reporter-output>
        </test-method> <!-- afterMethod -->
        <test-method status="PASS" signature="beforeMethod()[pri:0, instance:sqlDataDrive.MysqlDataProvider@2b98378d]" name="beforeMethod" is-config="true" duration-ms="3347" started-at="2018-12-30T19:08:35Z" finished-at="2018-12-30T19:08:39Z">
          <reporter-output>
          </reporter-output>
        </test-method> <!-- beforeMethod -->
        <test-method status="FAIL" signature="testSearch(java.lang.String, java.lang.String, java.lang.String)[pri:0, instance:sqlDataDrive.MysqlDataProvider@2b98378d]" name="testSearch" duration-ms="2944" started-at="2018-12-30T19:08:39Z" data-provider="testData" finished-at="2018-12-30T19:08:41Z">
          <params>
            <param index="0">
              <value>
                <![CDATA[蝙蝠侠]]>
              </value>
            </param>
            <param index="1">
              <value>
                <![CDATA[女主角]]>
              </value>
            </param>
            <param index="2">
              <value>
                <![CDATA[克里斯滕]]>
              </value>
            </param>
          </params>
          <exception class="java.lang.AssertionError">
            <message>
              <![CDATA[expected [true] but found [false]]]>
            </message>
            <full-stacktrace>
              <![CDATA[java.lang.AssertionError: expected [true] but found [false]
	at org.testng.Assert.fail(Assert.java:93)
	at org.testng.Assert.failNotEquals(Assert.java:512)
	at org.testng.Assert.assertTrue(Assert.java:41)
	at org.testng.Assert.assertTrue(Assert.java:51)
	at sqlDataDrive.MysqlDataProvider.testSearch(MysqlDataProvider.java:53)
	at sun.reflect.NativeMethodAccessorImpl.invoke0(Native Method)
	at sun.reflect.NativeMethodAccessorImpl.invoke(Unknown Source)
	at sun.reflect.DelegatingMethodAccessorImpl.invoke(Unknown Source)
	at java.lang.reflect.Method.invoke(Unknown Source)
	at org.testng.internal.MethodInvocationHelper.invokeMethod(MethodInvocationHelper.java:108)
	at org.testng.internal.Invoker.invokeMethod(Invoker.java:661)
	at org.testng.internal.Invoker.invokeTestMethod(Invoker.java:869)
	at org.testng.internal.Invoker.invokeTestMethods(Invoker.java:1193)
	at org.testng.internal.TestMethodWorker.invokeTestMethods(TestMethodWorker.java:126)
	at org.testng.internal.TestMethodWorker.run(TestMethodWorker.java:109)
	at org.testng.TestRunner.privateRun(TestRunner.java:744)
	at org.testng.TestRunner.run(TestRunner.java:602)
	at org.testng.SuiteRunner.runTest(SuiteRunner.java:380)
	at org.testng.SuiteRunner.runSequentially(SuiteRunner.java:375)
	at org.testng.SuiteRunner.privateRun(SuiteRunner.java:340)
	at org.testng.SuiteRunner.run(SuiteRunner.java:289)
	at org.testng.SuiteRunnerWorker.runSuite(SuiteRunnerWorker.java:52)
	at org.testng.SuiteRunnerWorker.run(SuiteRunnerWorker.java:86)
	at org.testng.TestNG.runSuitesSequentially(TestNG.java:1301)
	at org.testng.TestNG.runSuitesLocally(TestNG.java:1226)
	at org.testng.TestNG.runSuites(TestNG.java:1144)
	at org.testng.TestNG.run(TestNG.java:1115)
	at org.testng.remote.AbstractRemoteTestNG.run(AbstractRemoteTestNG.java:114)
	at org.testng.remote.RemoteTestNG.initAndRun(RemoteTestNG.java:251)
	at org.testng.remote.RemoteTestNG.main(RemoteTestNG.java:77)
]]>
            </full-stacktrace>
          </exception> <!-- java.lang.AssertionError -->
          <reporter-output>
          </reporter-output>
        </test-method> <!-- testSearch -->
        <test-method status="PASS" signature="afterMethod()[pri:0, instance:sqlDataDrive.MysqlDataProvider@2b98378d]" name="afterMethod" is-config="true" duration-ms="1412" started-at="2018-12-30T19:08:41Z" finished-at="2018-12-30T19:08:43Z">
          <reporter-output>
          </reporter-output>
        </test-method> <!-- afterMethod -->
        <test-method status="PASS" signature="beforeMethod()[pri:0, instance:sqlDataDrive.MysqlDataProvider@2b98378d]" name="beforeMethod" is-config="true" duration-ms="3847" started-at="2018-12-30T19:08:43Z" finished-at="2018-12-30T19:08:47Z">
          <reporter-output>
          </reporter-output>
        </test-method> <!-- beforeMethod -->
        <test-method status="PASS" signature="testSearch(java.lang.String, java.lang.String, java.lang.String)[pri:0, instance:sqlDataDrive.MysqlDataProvider@2b98378d]" name="testSearch" duration-ms="3704" started-at="2018-12-30T19:08:47Z" data-provider="testData" finished-at="2018-12-30T19:08:50Z">
          <params>
            <param index="0">
              <value>
                <![CDATA[上海滩]]>
              </value>
            </param>
            <param index="1">
              <value>
                <![CDATA[男主角]]>
              </value>
            </param>
            <param index="2">
              <value>
                <![CDATA[刘德华]]>
              </value>
            </param>
          </params>
          <reporter-output>
          </reporter-output>
        </test-method> <!-- testSearch -->
        <test-method status="PASS" signature="afterMethod()[pri:0, instance:sqlDataDrive.MysqlDataProvider@2b98378d]" name="afterMethod" is-config="true" duration-ms="1205" started-at="2018-12-30T19:08:50Z" finished-at="2018-12-30T19:08:52Z">
          <reporter-output>
          </reporter-output>
        </test-method> <!-- afterMethod -->
      </class> <!-- sqlDataDrive.MysqlDataProvider -->
    </test> <!-- Default test -->
  </suite> <!-- Default suite -->
</testng-results>
